# JRE version: OpenJDK Runtime Environment Temurin-21.0.10+7 (21.0.10+7) (build 21.0.10+7-LTS)
# Java VM: OpenJDK 64-Bit Server VM Temurin-21.0.10+7 (21.0.10+7-LTS, mixed mode, sharing, tiered, compressed oops, compressed class ptrs, parallel gc, windows-amd64)
GC Precious Log:
 CardTable entry size: 512
 CPUs: 4 total, 4 available
 Memory: 3787M
 Large Page Support: Disabled
 NUMA Support: Disabled
 Compressed Oops: Enabled (32-bit)
 Alignments: Space 512K, Generation 512K, Heap 2M
 Heap Min Capacity: 100M
 Heap Initial Capacity: 100M
 Heap Max Capacity: 2G
 Pre-touch: Disabled
 Parallel Workers: 4
Heap:
 PSYoungGen      total 17920K, used 16852K [0x00000000d5580000, 0x00000000d7200000, 0x0000000100000000)
  eden space 16384K, 95% used [0x00000000d5580000,0x00000000d64b92d8,0x00000000d6580000)
  from space 1536K, 82% used [0x00000000d7080000,0x00000000d71bc010,0x00000000d7200000)
  to   space 2560K, 0% used [0x00000000d6d00000,0x00000000d6d00000,0x00000000d6f80000)
 ParOldGen       total 1011712K, used 902278K [0x0000000080000000, 0x00000000bdc00000, 0x00000000d5580000)
  object space 1011712K, 89% used [0x0000000080000000,0x00000000b7121938,0x00000000bdc00000)
 Metaspace       used 102359K, committed 105152K, reserved 1179648K
  class space    used 10428K, committed 11712K, reserved 1048576K
GC Heap History (20 events):
Event: 7279.434 GC heap before
{Heap before GC invocations=2997 (full 6):
 PSYoungGen      total 16896K, used 16890K [0x00000000d5580000, 0x00000000d6a80000, 0x0000000100000000)
  eden space 16384K, 100% used [0x00000000d5580000,0x00000000d6580000,0x00000000d6580000)
  from space 512K, 98% used [0x00000000d6a00000,0x00000000d6a7e920,0x00000000d6a80000)
  to   space 2048K, 0% used [0x00000000d6680000,0x00000000d6680000,0x00000000d6880000)
 ParOldGen       total 1011712K, used 834336K [0x0000000080000000, 0x00000000bdc00000, 0x00000000d5580000)
  object space 1011712K, 82% used [0x0000000080000000,0x00000000b2ec8128,0x00000000bdc00000)
 Metaspace       used 102298K, committed 105152K, reserved 1179648K
  class space    used 10419K, committed 11712K, reserved 1048576K
}
Event: 7280.652 GC heap after
{Heap after GC invocations=2997 (full 6):
 PSYoungGen      total 18432K, used 889K [0x00000000d5580000, 0x00000000d6a80000, 0x0000000100000000)
  eden space 16384K, 0% used [0x00000000d5580000,0x00000000d5580000,0x00000000d6580000)
  from space 2048K, 43% used [0x00000000d6680000,0x00000000d675e410,0x00000000d6880000)
  to   space 1536K, 0% used [0x00000000d6900000,0x00000000d6900000,0x00000000d6a80000)
 ParOldGen       total 1011712K, used 834826K [0x0000000080000000, 0x00000000bdc00000, 0x00000000d5580000)
  object space 1011712K, 82% used [0x0000000080000000,0x00000000b2f42a48,0x00000000bdc00000)
 Metaspace       used 102298K, committed 105152K, reserved 1179648K
  class space    used 10419K, committed 11712K, reserved 1048576K
}
Event: 7446.859 GC heap before
{Heap before GC invocations=2998 (full 6):
 PSYoungGen      total 18432K, used 16737K [0x00000000d5580000, 0x00000000d6a80000, 0x0000000100000000)
  eden space 16384K, 96% used [0x00000000d5580000,0x00000000d64fa2e0,0x00000000d6580000)
  from space 2048K, 43% used [0x00000000d6680000,0x00000000d675e410,0x00000000d6880000)
  to   space 1536K, 0% used [0x00000000d6900000,0x00000000d6900000,0x00000000d6a80000)
 ParOldGen       total 1011712K, used 834826K [0x0000000080000000, 0x00000000bdc00000, 0x00000000d5580000)
  object space 1011712K, 82% used [0x0000000080000000,0x00000000b2f42a48,0x00000000bdc00000)
 Metaspace       used 102299K, committed 105152K, reserved 1179648K
  class space    used 10419K, committed 11712K, reserved 1048576K
}
Event: 7447.707 GC heap after
{Heap after GC invocations=2998 (full 6):
 PSYoungGen      total 17920K, used 1056K [0x00000000d5580000, 0x00000000d6a80000, 0x0000000100000000)
  eden space 16384K, 0% used [0x00000000d5580000,0x00000000d5580000,0x00000000d6580000)
  from space 1536K, 68% used [0x00000000d6900000,0x00000000d6a08000,0x00000000d6a80000)
  to   space 1536K, 0% used [0x00000000d6780000,0x00000000d6780000,0x00000000d6900000)
 ParOldGen       total 1011712K, used 835416K [0x0000000080000000, 0x00000000bdc00000, 0x00000000d5580000)
  object space 1011712K, 82% used [0x0000000080000000,0x00000000b2fd63e8,0x00000000bdc00000)
 Metaspace       used 102299K, committed 105152K, reserved 1179648K
  class space    used 10419K, committed 11712K, reserved 1048576K
}
Event: 7448.042 GC heap before
{Heap before GC invocations=2999 (full 6):
 PSYoungGen      total 17920K, used 17440K [0x00000000d5580000, 0x00000000d6a80000, 0x0000000100000000)
  eden space 16384K, 100% used [0x00000000d5580000,0x00000000d6580000,0x00000000d6580000)
  from space 1536K, 68% used [0x00000000d6900000,0x00000000d6a08000,0x00000000d6a80000)
  to   space 1536K, 0% used [0x00000000d6780000,0x00000000d6780000,0x00000000d6900000)
 ParOldGen       total 1011712K, used 835416K [0x0000000080000000, 0x00000000bdc00000, 0x00000000d5580000)
  object space 1011712K, 82% used [0x0000000080000000,0x00000000b2fd63e8,0x00000000bdc00000)
 Metaspace       used 102299K, committed 105152K, reserved 1179648K
  class space    used 10419K, committed 11712K, reserved 1048576K
}
Event: 7448.246 GC heap after
{Heap after GC invocations=2999 (full 6):
 PSYoungGen      total 17920K, used 1507K [0x00000000d5580000, 0x00000000d8b80000, 0x0000000100000000)
  eden space 16384K, 0% used [0x00000000d5580000,0x00000000d5580000,0x00000000d6580000)
  from space 1536K, 98% used [0x00000000d6780000,0x00000000d68f8df0,0x00000000d6900000)
  to   space 19456K, 0% used [0x00000000d7880000,0x00000000d7880000,0x00000000d8b80000)
 ParOldGen       total 1011712K, used 850513K [0x0000000080000000, 0x00000000bdc00000, 0x00000000d5580000)
  object space 1011712K, 84% used [0x0000000080000000,0x00000000b3e944a0,0x00000000bdc00000)
 Metaspace       used 102299K, committed 105152K, reserved 1179648K
  class space    used 10419K, committed 11712K, reserved 1048576K
}
Event: 7448.778 GC heap before
{Heap before GC invocations=3000 (full 6):
 PSYoungGen      total 17920K, used 17891K [0x00000000d5580000, 0x00000000d8b80000, 0x0000000100000000)
  eden space 16384K, 100% used [0x00000000d5580000,0x00000000d6580000,0x00000000d6580000)
  from space 1536K, 98% used [0x00000000d6780000,0x00000000d68f8df0,0x00000000d6900000)
  to   space 19456K, 0% used [0x00000000d7880000,0x00000000d7880000,0x00000000d8b80000)
 ParOldGen       total 1011712K, used 850513K [0x0000000080000000, 0x00000000bdc00000, 0x00000000d5580000)
  object space 1011712K, 84% used [0x0000000080000000,0x00000000b3e944a0,0x00000000bdc00000)
 Metaspace       used 102300K, committed 105152K, reserved 1179648K
  class space    used 10419K, committed 11712K, reserved 1048576K
}
Event: 7448.807 GC heap after
{Heap after GC invocations=3000 (full 6):
 PSYoungGen      total 30208K, used 13802K [0x00000000d5580000, 0x00000000d8600000, 0x0000000100000000)
  eden space 16384K, 0% used [0x00000000d5580000,0x00000000d5580000,0x00000000d6580000)
  from space 13824K, 99% used [0x00000000d7880000,0x00000000d85faa70,0x00000000d8600000)
  to   space 14848K, 0% used [0x00000000d6900000,0x00000000d6900000,0x00000000d7780000)
 ParOldGen       total 1011712K, used 851203K [0x0000000080000000, 0x00000000bdc00000, 0x00000000d5580000)
  object space 1011712K, 84% used [0x0000000080000000,0x00000000b3f40c18,0x00000000bdc00000)
 Metaspace       used 102300K, committed 105152K, reserved 1179648K
  class space    used 10419K, committed 11712K, reserved 1048576K
}
Event: 7463.124 GC heap before
{Heap before GC invocations=3001 (full 6):
 PSYoungGen      total 30208K, used 30186K [0x00000000d5580000, 0x00000000d8600000, 0x0000000100000000)
  eden space 16384K, 100% used [0x00000000d5580000,0x00000000d6580000,0x00000000d6580000)
  from space 13824K, 99% used [0x00000000d7880000,0x00000000d85faa70,0x00000000d8600000)
  to   space 14848K, 0% used [0x00000000d6900000,0x00000000d6900000,0x00000000d7780000)
 ParOldGen       total 1011712K, used 851203K [0x0000000080000000, 0x00000000bdc00000, 0x00000000d5580000)
  object space 1011712K, 84% used [0x0000000080000000,0x00000000b3f40c18,0x00000000bdc00000)
 Metaspace       used 102319K, committed 105152K, reserved 1179648K
  class space    used 10423K, committed 11712K, reserved 1048576K
}
Event: 7463.665 GC heap after
{Heap after GC invocations=3001 (full 6):
 PSYoungGen      total 17408K, used 980K [0x00000000d5580000, 0x00000000d7900000, 0x0000000100000000)
  eden space 16384K, 0% used [0x00000000d5580000,0x00000000d5580000,0x00000000d6580000)
  from space 1024K, 95% used [0x00000000d6900000,0x00000000d69f52c0,0x00000000d6a00000)
  to   space 6144K, 0% used [0x00000000d7300000,0x00000000d7300000,0x00000000d7900000)
 ParOldGen       total 1011712K, used 864845K [0x0000000080000000, 0x00000000bdc00000, 0x00000000d5580000)
  object space 1011712K, 85% used [0x0000000080000000,0x00000000b4c93698,0x00000000bdc00000)
 Metaspace       used 102319K, committed 105152K, reserved 1179648K
  class space    used 10423K, committed 11712K, reserved 1048576K
}
Event: 7464.848 GC heap before
{Heap before GC invocations=3002 (full 6):
 PSYoungGen      total 17408K, used 17364K [0x00000000d5580000, 0x00000000d7900000, 0x0000000100000000)
  eden space 16384K, 100% used [0x00000000d5580000,0x00000000d6580000,0x00000000d6580000)
  from space 1024K, 95% used [0x00000000d6900000,0x00000000d69f52c0,0x00000000d6a00000)
  to   space 6144K, 0% used [0x00000000d7300000,0x00000000d7300000,0x00000000d7900000)
 ParOldGen       total 1011712K, used 864845K [0x0000000080000000, 0x00000000bdc00000, 0x00000000d5580000)
  object space 1011712K, 85% used [0x0000000080000000,0x00000000b4c93698,0x00000000bdc00000)
 Metaspace       used 102320K, committed 105152K, reserved 1179648K
  class space    used 10423K, committed 11712K, reserved 1048576K
}
Event: 7464.987 GC heap after
{Heap after GC invocations=3002 (full 6):
 PSYoungGen      total 22528K, used 6137K [0x00000000d5580000, 0x00000000d7900000, 0x0000000100000000)
  eden space 16384K, 0% used [0x00000000d5580000,0x00000000d5580000,0x00000000d6580000)
  from space 6144K, 99% used [0x00000000d7300000,0x00000000d78fe7d8,0x00000000d7900000)
  to   space 1024K, 0% used [0x00000000d6900000,0x00000000d6900000,0x00000000d6a00000)
 ParOldGen       total 1011712K, used 872700K [0x0000000080000000, 0x00000000bdc00000, 0x00000000d5580000)
  object space 1011712K, 86% used [0x0000000080000000,0x00000000b543f020,0x00000000bdc00000)
 Metaspace       used 102320K, committed 105152K, reserved 1179648K
  class space    used 10423K, committed 11712K, reserved 1048576K
}
Event: 7466.033 GC heap before
{Heap before GC invocations=3003 (full 6):
 PSYoungGen      total 22528K, used 22521K [0x00000000d5580000, 0x00000000d7900000, 0x0000000100000000)
  eden space 16384K, 100% used [0x00000000d5580000,0x00000000d6580000,0x00000000d6580000)
  from space 6144K, 99% used [0x00000000d7300000,0x00000000d78fe7d8,0x00000000d7900000)
  to   space 1024K, 0% used [0x00000000d6900000,0x00000000d6900000,0x00000000d6a00000)
 ParOldGen       total 1011712K, used 872700K [0x0000000080000000, 0x00000000bdc00000, 0x00000000d5580000)
  object space 1011712K, 86% used [0x0000000080000000,0x00000000b543f020,0x00000000bdc00000)
 Metaspace       used 102320K, committed 105152K, reserved 1179648K
  class space    used 10423K, committed 11712K, reserved 1048576K
}
Event: 7466.069 GC heap after
{Heap after GC invocations=3003 (full 6):
 PSYoungGen      total 17408K, used 994K [0x00000000d5580000, 0x00000000d8680000, 0x0000000100000000)
  eden space 16384K, 0% used [0x00000000d5580000,0x00000000d5580000,0x00000000d6580000)
  from space 1024K, 97% used [0x00000000d6900000,0x00000000d69f8a40,0x00000000d6a00000)
  to   space 16896K, 0% used [0x00000000d7600000,0x00000000d7600000,0x00000000d8680000)
 ParOldGen       total 1011712K, used 887609K [0x0000000080000000, 0x00000000bdc00000, 0x00000000d5580000)
  object space 1011712K, 87% used [0x0000000080000000,0x00000000b62ce4c8,0x00000000bdc00000)
 Metaspace       used 102320K, committed 105152K, reserved 1179648K
  class space    used 10423K, committed 11712K, reserved 1048576K
}
Event: 7467.434 GC heap before
{Heap before GC invocations=3004 (full 6):
 PSYoungGen      total 17408K, used 17378K [0x00000000d5580000, 0x00000000d8680000, 0x0000000100000000)
  eden space 16384K, 100% used [0x00000000d5580000,0x00000000d6580000,0x00000000d6580000)
  from space 1024K, 97% used [0x00000000d6900000,0x00000000d69f8a40,0x00000000d6a00000)
  to   space 16896K, 0% used [0x00000000d7600000,0x00000000d7600000,0x00000000d8680000)
 ParOldGen       total 1011712K, used 887609K [0x0000000080000000, 0x00000000bdc00000, 0x00000000d5580000)
  object space 1011712K, 87% used [0x0000000080000000,0x00000000b62ce4c8,0x00000000bdc00000)
 Metaspace       used 102320K, committed 105152K, reserved 1179648K
  class space    used 10423K, committed 11712K, reserved 1048576K
}
Event: 7467.455 GC heap after
{Heap after GC invocations=3004 (full 6):
 PSYoungGen      total 28672K, used 11884K [0x00000000d5580000, 0x00000000d8200000, 0x0000000100000000)
  eden space 16384K, 0% used [0x00000000d5580000,0x00000000d5580000,0x00000000d6580000)
  from space 12288K, 96% used [0x00000000d7600000,0x00000000d819b270,0x00000000d8200000)
  to   space 13824K, 0% used [0x00000000d6700000,0x00000000d6700000,0x00000000d7480000)
 ParOldGen       total 1011712K, used 888594K [0x0000000080000000, 0x00000000bdc00000, 0x00000000d5580000)
  object space 1011712K, 87% used [0x0000000080000000,0x00000000b63c4b28,0x00000000bdc00000)
 Metaspace       used 102320K, committed 105152K, reserved 1179648K
  class space    used 10423K, committed 11712K, reserved 1048576K
}
Event: 7467.909 GC heap before
{Heap before GC invocations=3005 (full 6):
 PSYoungGen      total 28672K, used 28268K [0x00000000d5580000, 0x00000000d8200000, 0x0000000100000000)
  eden space 16384K, 100% used [0x00000000d5580000,0x00000000d6580000,0x00000000d6580000)
  from space 12288K, 96% used [0x00000000d7600000,0x00000000d819b270,0x00000000d8200000)
  to   space 13824K, 0% used [0x00000000d6700000,0x00000000d6700000,0x00000000d7480000)
 ParOldGen       total 1011712K, used 888594K [0x0000000080000000, 0x00000000bdc00000, 0x00000000d5580000)
  object space 1011712K, 87% used [0x0000000080000000,0x00000000b63c4b28,0x00000000bdc00000)
 Metaspace       used 102320K, committed 105152K, reserved 1179648K
  class space    used 10423K, committed 11712K, reserved 1048576K
}
Event: 7467.971 GC heap after
{Heap after GC invocations=3005 (full 6):
 PSYoungGen      total 18432K, used 1920K [0x00000000d5580000, 0x00000000d7680000, 0x0000000100000000)
  eden space 16384K, 0% used [0x00000000d5580000,0x00000000d5580000,0x00000000d6580000)
  from space 2048K, 93% used [0x00000000d6700000,0x00000000d68e0000,0x00000000d6900000)
  to   space 6144K, 0% used [0x00000000d7080000,0x00000000d7080000,0x00000000d7680000)
 ParOldGen       total 1011712K, used 900434K [0x0000000080000000, 0x00000000bdc00000, 0x00000000d5580000)
  object space 1011712K, 89% used [0x0000000080000000,0x00000000b6f54918,0x00000000bdc00000)
 Metaspace       used 102320K, committed 105152K, reserved 1179648K
  class space    used 10423K, committed 11712K, reserved 1048576K
}
Event: 7469.227 GC heap before
{Heap before GC invocations=3006 (full 6):
 PSYoungGen      total 18432K, used 18304K [0x00000000d5580000, 0x00000000d7680000, 0x0000000100000000)
  eden space 16384K, 100% used [0x00000000d5580000,0x00000000d6580000,0x00000000d6580000)
  from space 2048K, 93% used [0x00000000d6700000,0x00000000d68e0000,0x00000000d6900000)
  to   space 6144K, 0% used [0x00000000d7080000,0x00000000d7080000,0x00000000d7680000)
 ParOldGen       total 1011712K, used 900434K [0x0000000080000000, 0x00000000bdc00000, 0x00000000d5580000)
  object space 1011712K, 89% used [0x0000000080000000,0x00000000b6f54918,0x00000000bdc00000)
 Metaspace       used 102324K, committed 105152K, reserved 1179648K
  class space    used 10423K, committed 11712K, reserved 1048576K
}
Event: 7469.243 GC heap after
{Heap after GC invocations=3006 (full 6):
 PSYoungGen      total 17920K, used 1264K [0x00000000d5580000, 0x00000000d7200000, 0x0000000100000000)
  eden space 16384K, 0% used [0x00000000d5580000,0x00000000d5580000,0x00000000d6580000)
  from space 1536K, 82% used [0x00000000d7080000,0x00000000d71bc010,0x00000000d7200000)
  to   space 2560K, 0% used [0x00000000d6d00000,0x00000000d6d00000,0x00000000d6f80000)
 ParOldGen       total 1011712K, used 902278K [0x0000000080000000, 0x00000000bdc00000, 0x00000000d5580000)
  object space 1011712K, 89% used [0x0000000080000000,0x00000000b7121938,0x00000000bdc00000)
 Metaspace       used 102324K, committed 105152K, reserved 1179648K
  class space    used 10423K, committed 11712K, reserved 1048576K
}

